<?xml version="1.0" encoding="UTF-8"?>
<!-- Generated by org.testng.reporters.JUnitReportReporter -->
<testsuite hostname="DESKTOP-8B8PBF3" failures="0" tests="1" name="com.BusinessLogic.Build_B01_LoginStory" time="34.248" errors="0" timestamp="2024-10-28T19:34:50 IST" skipped="0">
  <testcase classname="com.BusinessLogic.Build_B01_LoginStory" name="login_test" time="34.248"/>
</testsuite> <!-- com.BusinessLogic.Build_B01_LoginStory -->
